

*******************************************************************************
Sun Oct 18 18:54:15 2015


FIT:    data read from "tiempos_burbuja.dat"
        format = z
        x range restricted to [-90.2578 : 18932.6]
        #datapoints = 188
        residuals are weighted equally (unit weight)

function used for fitting: f(x)
fitted parameters initialized with current variable values



 Iteration 0
 WSSR        : 4.88791e+18       delta(WSSR)/WSSR   : 0
 delta(WSSR) : 0                 limit for stopping : 1e-05
 lambda	  : 9.30879e+07

initial set of free parameter values

a               = 1
b               = 1
c               = 1

After 11 iterations the fit converged.
final sum of squares of residuals : 0.0204791
rel. change during last iteration : -2.17752e-07

degrees of freedom    (FIT_NDF)                        : 185
rms of residuals      (FIT_STDFIT) = sqrt(WSSR/ndf)    : 0.0105213
variance of residuals (reduced chisquare) = WSSR/ndf   : 0.000110698

Final set of parameters            Asymptotic Standard Error
=======================            ==========================

a               = 3.33545e-09      +/- 2.913e-11    (0.8733%)
b               = -4.16814e-06     +/- 5.741e-07    (13.77%)
c               = 0.00899213       +/- 0.002377     (26.43%)


correlation matrix of the fit parameters:

               a      b      c      
a               1.000 
b              -0.969  1.000 
c               0.757 -0.874  1.000 


*******************************************************************************
Sun Oct 18 19:56:47 2015


FIT:    data read from "tiempos_burbuja.dat"
        format = z
        #datapoints = 300
        residuals are weighted equally (unit weight)

function used for fitting: f(x)
fitted parameters initialized with current variable values



 Iteration 0
 WSSR        : 4.90059e+19       delta(WSSR)/WSSR   : 0
 delta(WSSR) : 0                 limit for stopping : 1e-05
 lambda	  : 2.33347e+08

initial set of free parameter values

a               = 1
b               = 1
c               = 1

The maximum lambda = 1.000000e+20 was exceeded. Fit stopped.
final sum of squares of residuals : 5.27508e-18
rel. change during last iteration : 0

degrees of freedom    (FIT_NDF)                        : 297
rms of residuals      (FIT_STDFIT) = sqrt(WSSR/ndf)    : 1.33271e-10
variance of residuals (reduced chisquare) = WSSR/ndf   : 1.77612e-20

Final set of parameters            Asymptotic Standard Error
=======================            ==========================

a               = 1.92101e-18      +/- 1.322e-20    (0.6884%)
b               = 1                +/- 5.202e-16    (5.202e-14%)
c               = 2.47464e-10      +/- 1.438e-11    (5.81%)


correlation matrix of the fit parameters:

               a      b      c      
a               1.000 
b              -0.522  1.000 
c               0.028 -0.055  1.000 


*******************************************************************************
Sun Oct 18 20:00:57 2015


FIT:    data read from "tiempos_burbuja_peor.dat"
        format = z
        #datapoints = 300
        residuals are weighted equally (unit weight)

function used for fitting: f(x)
fitted parameters initialized with current variable values



 Iteration 0
 WSSR        : 9.04416e+10       delta(WSSR)/WSSR   : 0
 delta(WSSR) : 0                 limit for stopping : 1e-05
 lambda	  : 3.93927e+08

initial set of free parameter values

a               = 1.92101e-18
b               = 1
c               = 2.47464e-10

After 11 iterations the fit converged.
final sum of squares of residuals : 0.235887
rel. change during last iteration : -1.12841e-08

degrees of freedom    (FIT_NDF)                        : 297
rms of residuals      (FIT_STDFIT) = sqrt(WSSR/ndf)    : 0.0281821
variance of residuals (reduced chisquare) = WSSR/ndf   : 0.000794231

Final set of parameters            Asymptotic Standard Error
=======================            ==========================

a               = 2.2885e-09       +/- 2.426e-11    (1.06%)
b               = -2.63832e-06     +/- 7.539e-07    (28.57%)
c               = 0.00597093       +/- 0.004914     (82.3%)


correlation matrix of the fit parameters:

               a      b      c      
a               1.000 
b              -0.968  1.000 
c               0.748 -0.868  1.000 


*******************************************************************************
Sun Oct 18 20:32:24 2015


FIT:    data read from "tiempos_burbuja_peor.dat"
        format = z
        #datapoints = 300
        residuals are weighted equally (unit weight)

function used for fitting: f(x)
fitted parameters initialized with current variable values



*******************************************************************************
Sun Oct 18 20:32:34 2015


FIT:    data read from "tiempos_burbuja_peor.dat"
        format = z
        #datapoints = 300
        residuals are weighted equally (unit weight)

function used for fitting: f(x)
fitted parameters initialized with current variable values



 Iteration 0
 WSSR        : 4.901e+19         delta(WSSR)/WSSR   : 0
 delta(WSSR) : 0                 limit for stopping : 1e-05
 lambda	  : 2.33347e+08

initial set of free parameter values

a               = 1
b               = 1
c               = 1

After 11 iterations the fit converged.
final sum of squares of residuals : 0.235887
rel. change during last iteration : -6.74224e-06

degrees of freedom    (FIT_NDF)                        : 297
rms of residuals      (FIT_STDFIT) = sqrt(WSSR/ndf)    : 0.0281821
variance of residuals (reduced chisquare) = WSSR/ndf   : 0.000794231

Final set of parameters            Asymptotic Standard Error
=======================            ==========================

a               = 2.2885e-09       +/- 2.426e-11    (1.06%)
b               = -2.63832e-06     +/- 7.539e-07    (28.57%)
c               = 0.00597094       +/- 0.004914     (82.3%)


correlation matrix of the fit parameters:

               a      b      c      
a               1.000 
b              -0.968  1.000 
c               0.748 -0.868  1.000 


*******************************************************************************
Sun Oct 18 20:33:50 2015


FIT:    data read from "tiempos_burbuja_peor.dat"
        format = z
        x range restricted to [0.00000 : 30000.0]
        #datapoints = 300
        residuals are weighted equally (unit weight)

function used for fitting: f(x)
fitted parameters initialized with current variable values



 Iteration 0
 WSSR        : 235.225           delta(WSSR)/WSSR   : 0
 delta(WSSR) : 0                 limit for stopping : 1e-05
 lambda	  : 10025

initial set of free parameter values

a               = 2.2885e-09
b               = -2.63832e-06
c               = 0.00597094

After 7 iterations the fit converged.
final sum of squares of residuals : 7.30574
rel. change during last iteration : -1.23117e-12

degrees of freedom    (FIT_NDF)                        : 297
rms of residuals      (FIT_STDFIT) = sqrt(WSSR/ndf)    : 0.156839
variance of residuals (reduced chisquare) = WSSR/ndf   : 0.0245985

BREAK:          Singular matrix in Invert_RtR



*******************************************************************************
Sun Oct 18 20:34:08 2015


FIT:    data read from "tiempos_burbuja_peor.dat"
        format = z
        x range restricted to [0.00000 : 30000.0]
        #datapoints = 300
        residuals are weighted equally (unit weight)

function used for fitting: f(x)
fitted parameters initialized with current variable values



 Iteration 0
 WSSR        : 7.30574           delta(WSSR)/WSSR   : 0
 delta(WSSR) : 0                 limit for stopping : 1e-05
 lambda	  : 12278.1

initial set of free parameter values

a               = 6.62455e-05
b               = -0.340744

After 1 iterations the fit converged.
final sum of squares of residuals : 7.30574
rel. change during last iteration : -2.43145e-16

degrees of freedom    (FIT_NDF)                        : 298
rms of residuals      (FIT_STDFIT) = sqrt(WSSR/ndf)    : 0.156576
variance of residuals (reduced chisquare) = WSSR/ndf   : 0.0245159

Final set of parameters            Asymptotic Standard Error
=======================            ==========================

a               = 6.62455e-05      +/- 1.044e-06    (1.576%)
b               = -0.340744        +/- 0.01813      (5.319%)


correlation matrix of the fit parameters:

               a      b      
a               1.000 
b              -0.867  1.000 


*******************************************************************************
Sun Oct 18 20:36:56 2015


FIT:    data read from "tiempos_burbuja_ej5.dat"
        format = z
        x range restricted to [-2857.14 : 32857.1]
        #datapoints = 300
        residuals are weighted equally (unit weight)

function used for fitting: f(x)
fitted parameters initialized with current variable values



 Iteration 0
 WSSR        : 227.899           delta(WSSR)/WSSR   : 0
 delta(WSSR) : 0                 limit for stopping : 1e-05
 lambda	  : 12278.1

initial set of free parameter values

a               = 6.62455e-05
b               = -0.340744

After 8 iterations the fit converged.
final sum of squares of residuals : 1.85481e-07
rel. change during last iteration : -7.13545e-16

degrees of freedom    (FIT_NDF)                        : 298
rms of residuals      (FIT_STDFIT) = sqrt(WSSR/ndf)    : 2.49483e-05
variance of residuals (reduced chisquare) = WSSR/ndf   : 6.22418e-10

Final set of parameters            Asymptotic Standard Error
=======================            ==========================

a               = 4.23331e-09      +/- 1.663e-10    (3.929%)
b               = 4.05206e-06      +/- 2.888e-06    (71.27%)


correlation matrix of the fit parameters:

               a      b      
a               1.000 
b              -0.867  1.000 


*******************************************************************************
Sun Oct 18 20:40:27 2015


FIT:    data read from "tiempos_burbuja_ej5.dat"
        format = z
        #datapoints = 300
        residuals are weighted equally (unit weight)

function used for fitting: f(x)
fitted parameters initialized with current variable values



 Iteration 0
 WSSR        : 9.04595e+10       delta(WSSR)/WSSR   : 0
 delta(WSSR) : 0                 limit for stopping : 1e-05
 lambda	  : 12278.1

initial set of free parameter values

a               = 1
b               = 1

After 8 iterations the fit converged.
final sum of squares of residuals : 1.85481e-07
rel. change during last iteration : -1.24157e-14

degrees of freedom    (FIT_NDF)                        : 298
rms of residuals      (FIT_STDFIT) = sqrt(WSSR/ndf)    : 2.49483e-05
variance of residuals (reduced chisquare) = WSSR/ndf   : 6.22418e-10

Final set of parameters            Asymptotic Standard Error
=======================            ==========================

a               = 4.23331e-09      +/- 1.663e-10    (3.929%)
b               = 4.05206e-06      +/- 2.888e-06    (71.27%)


correlation matrix of the fit parameters:

               a      b      
a               1.000 
b              -0.867  1.000 


*******************************************************************************
Sun Oct 18 20:46:33 2015


FIT:    data read from "tiempos_burbuja_ej5.dat"
        format = z
        x range restricted to [0.00000 : 30000.0]
        #datapoints = 300
        residuals are weighted equally (unit weight)

function used for fitting: f(x)
fitted parameters initialized with current variable values



 Iteration 0
 WSSR        : 32238.9           delta(WSSR)/WSSR   : 0
 delta(WSSR) : 0                 limit for stopping : 1e-05
 lambda	  : 6.66408

initial set of free parameter values

a               = 1
b               = 1

After 5 iterations the fit converged.
final sum of squares of residuals : 6.96855e-11
rel. change during last iteration : -1.90633e-07

degrees of freedom    (FIT_NDF)                        : 298
rms of residuals      (FIT_STDFIT) = sqrt(WSSR/ndf)    : 4.83574e-07
variance of residuals (reduced chisquare) = WSSR/ndf   : 2.33844e-13

Final set of parameters            Asymptotic Standard Error
=======================            ==========================

a               = -7.33853e-08     +/- 2.896e-08    (39.47%)
b               = 1.5574e-06       +/- 2.714e-07    (17.43%)


correlation matrix of the fit parameters:

               a      b      
a               1.000 
b              -0.995  1.000 
